  main.cpp
main.cpp(115): warning C4305: '+=': 從 'double' 轉換為 'float'，是由較大的類型轉換為較小的類型，可能導致資料遺失
main.cpp(123): warning C4305: '-=': 從 'double' 轉換為 'float'，是由較大的類型轉換為較小的類型，可能導致資料遺失
main.cpp(131): warning C4305: '+=': 從 'double' 轉換為 'float'，是由較大的類型轉換為較小的類型，可能導致資料遺失
main.cpp(139): warning C4305: '-=': 從 'double' 轉換為 'float'，是由較大的類型轉換為較小的類型，可能導致資料遺失
main.cpp(209): warning C4244: '正在初始化': 將 'double' 轉換為 'float'，由於類型不同，可能導致資料遺失
main.cpp(267): warning C4018: '<': signed/unsigned 不相符
main.cpp(292): warning C4018: '<': signed/unsigned 不相符
main.cpp(441): warning C4244: '引數': 將 'double' 轉換為 'float'，由於類型不同，可能導致資料遺失
main.cpp(441): warning C4305: '引數': 從 'double' 轉換為 'float'，是由較大的類型轉換為較小的類型，可能導致資料遺失
main.cpp(446): warning C4244: '引數': 將 'double' 轉換為 'float'，由於類型不同，可能導致資料遺失
main.cpp(446): warning C4305: '引數': 從 'double' 轉換為 'float'，是由較大的類型轉換為較小的類型，可能導致資料遺失
main.cpp(449): warning C4244: '引數': 將 'double' 轉換為 'float'，由於類型不同，可能導致資料遺失
main.cpp(449): warning C4305: '引數': 從 'double' 轉換為 'float'，是由較大的類型轉換為較小的類型，可能導致資料遺失
main.cpp(453): warning C4244: '引數': 將 'double' 轉換為 'float'，由於類型不同，可能導致資料遺失
main.cpp(453): warning C4305: '引數': 從 'double' 轉換為 'float'，是由較大的類型轉換為較小的類型，可能導致資料遺失
main.cpp(458): warning C4244: '引數': 將 'double' 轉換為 'float'，由於類型不同，可能導致資料遺失
main.cpp(458): warning C4305: '引數': 從 'double' 轉換為 'float'，是由較大的類型轉換為較小的類型，可能導致資料遺失
main.cpp(462): warning C4244: '引數': 將 'double' 轉換為 'float'，由於類型不同，可能導致資料遺失
main.cpp(462): warning C4305: '引數': 從 'double' 轉換為 'float'，是由較大的類型轉換為較小的類型，可能導致資料遺失
main.cpp(466): warning C4244: '引數': 將 'double' 轉換為 'float'，由於類型不同，可能導致資料遺失
main.cpp(466): warning C4305: '引數': 從 'double' 轉換為 'float'，是由較大的類型轉換為較小的類型，可能導致資料遺失
main.cpp(471): warning C4244: '引數': 將 'double' 轉換為 'float'，由於類型不同，可能導致資料遺失
main.cpp(471): warning C4305: '引數': 從 'double' 轉換為 'float'，是由較大的類型轉換為較小的類型，可能導致資料遺失
main.cpp(475): warning C4244: '引數': 將 'double' 轉換為 'float'，由於類型不同，可能導致資料遺失
main.cpp(475): warning C4305: '引數': 從 'double' 轉換為 'float'，是由較大的類型轉換為較小的類型，可能導致資料遺失
main.cpp(480): warning C4244: '引數': 將 'double' 轉換為 'float'，由於類型不同，可能導致資料遺失
main.cpp(480): warning C4305: '引數': 從 'double' 轉換為 'float'，是由較大的類型轉換為較小的類型，可能導致資料遺失
main.cpp(484): warning C4244: '引數': 將 'double' 轉換為 'float'，由於類型不同，可能導致資料遺失
main.cpp(484): warning C4305: '引數': 從 'double' 轉換為 'float'，是由較大的類型轉換為較小的類型，可能導致資料遺失
main.cpp(489): warning C4244: '引數': 將 'double' 轉換為 'float'，由於類型不同，可能導致資料遺失
main.cpp(489): warning C4305: '引數': 從 'double' 轉換為 'float'，是由較大的類型轉換為較小的類型，可能導致資料遺失
main.cpp(493): warning C4244: '引數': 將 'double' 轉換為 'float'，由於類型不同，可能導致資料遺失
main.cpp(493): warning C4305: '引數': 從 'double' 轉換為 'float'，是由較大的類型轉換為較小的類型，可能導致資料遺失
main.cpp(497): warning C4244: '引數': 將 'double' 轉換為 'float'，由於類型不同，可能導致資料遺失
main.cpp(497): warning C4305: '引數': 從 'double' 轉換為 'float'，是由較大的類型轉換為較小的類型，可能導致資料遺失
main.cpp(432): warning C4101: 'roll': 未參考的區域變數
main.cpp(432): warning C4101: 'pitch': 未參考的區域變數
main.cpp(433): warning C4101: 'alpha': 未參考的區域變數
main.cpp(433): warning C4101: 'beta': 未參考的區域變數
main.cpp(432): warning C4101: 'yaw': 未參考的區域變數
main.cpp(433): warning C4101: 'gamma': 未參考的區域變數
main.cpp(432): warning C4101: 'r': 未參考的區域變數
main.cpp(677): warning C4244: '正在初始化': 將 'double' 轉換為 'float'，由於類型不同，可能導致資料遺失
main.cpp(701): warning C4305: '-=': 從 'double' 轉換為 'float'，是由較大的類型轉換為較小的類型，可能導致資料遺失
main.cpp(704): warning C4305: '+=': 從 'double' 轉換為 'float'，是由較大的類型轉換為較小的類型，可能導致資料遺失
main.cpp(794): warning C4305: '+=': 從 'double' 轉換為 'float'，是由較大的類型轉換為較小的類型，可能導致資料遺失
main.cpp(917): warning C4305: '=': 從 'double' 轉換為 'float'，是由較大的類型轉換為較小的類型，可能導致資料遺失
main.cpp(921): warning C4305: '=': 從 'double' 轉換為 'float'，是由較大的類型轉換為較小的類型，可能導致資料遺失
main.cpp(996): warning C4244: '引數': 將 'int' 轉換為 'GLfloat'，由於類型不同，可能導致資料遺失
main.cpp(997): warning C4244: '引數': 將 'int' 轉換為 'GLfloat'，由於類型不同，可能導致資料遺失
  objloader.cpp
objloader.cpp(39): warning C4996: 'fopen': This function or variable may be unsafe. Consider using fopen_s instead. To disable deprecation, use _CRT_SECURE_NO_WARNINGS. See online help for details.
  C:\Program Files (x86)\Windows Kits\10\Include\10.0.10240.0\ucrt\stdio.h(205): note: 請參閱 'fopen' 的宣告
objloader.cpp(50): warning C4996: 'fscanf': This function or variable may be unsafe. Consider using fscanf_s instead. To disable deprecation, use _CRT_SECURE_NO_WARNINGS. See online help for details.
  C:\Program Files (x86)\Windows Kits\10\Include\10.0.10240.0\ucrt\stdio.h(1193): note: 請參閱 'fscanf' 的宣告
objloader.cpp(58): warning C4996: 'fscanf': This function or variable may be unsafe. Consider using fscanf_s instead. To disable deprecation, use _CRT_SECURE_NO_WARNINGS. See online help for details.
  C:\Program Files (x86)\Windows Kits\10\Include\10.0.10240.0\ucrt\stdio.h(1193): note: 請參閱 'fscanf' 的宣告
objloader.cpp(63): warning C4996: 'fscanf': This function or variable may be unsafe. Consider using fscanf_s instead. To disable deprecation, use _CRT_SECURE_NO_WARNINGS. See online help for details.
  C:\Program Files (x86)\Windows Kits\10\Include\10.0.10240.0\ucrt\stdio.h(1193): note: 請參閱 'fscanf' 的宣告
objloader.cpp(70): warning C4996: 'fscanf': This function or variable may be unsafe. Consider using fscanf_s instead. To disable deprecation, use _CRT_SECURE_NO_WARNINGS. See online help for details.
  C:\Program Files (x86)\Windows Kits\10\Include\10.0.10240.0\ucrt\stdio.h(1193): note: 請參閱 'fscanf' 的宣告
objloader.cpp(75): warning C4996: 'fscanf': This function or variable may be unsafe. Consider using fscanf_s instead. To disable deprecation, use _CRT_SECURE_NO_WARNINGS. See online help for details.
  C:\Program Files (x86)\Windows Kits\10\Include\10.0.10240.0\ucrt\stdio.h(1193): note: 請參閱 'fscanf' 的宣告
objloader.cpp(95): warning C4996: 'fscanf': This function or variable may be unsafe. Consider using fscanf_s instead. To disable deprecation, use _CRT_SECURE_NO_WARNINGS. See online help for details.
  C:\Program Files (x86)\Windows Kits\10\Include\10.0.10240.0\ucrt\stdio.h(1193): note: 請參閱 'fscanf' 的宣告
objloader.cpp(134): warning C4996: 'fopen': This function or variable may be unsafe. Consider using fopen_s instead. To disable deprecation, use _CRT_SECURE_NO_WARNINGS. See online help for details.
  C:\Program Files (x86)\Windows Kits\10\Include\10.0.10240.0\ucrt\stdio.h(205): note: 請參閱 'fopen' 的宣告
objloader.cpp(142): warning C4996: 'fscanf': This function or variable may be unsafe. Consider using fscanf_s instead. To disable deprecation, use _CRT_SECURE_NO_WARNINGS. See online help for details.
  C:\Program Files (x86)\Windows Kits\10\Include\10.0.10240.0\ucrt\stdio.h(1193): note: 請參閱 'fscanf' 的宣告
objloader.cpp(149): warning C4996: 'fscanf': This function or variable may be unsafe. Consider using fscanf_s instead. To disable deprecation, use _CRT_SECURE_NO_WARNINGS. See online help for details.
  C:\Program Files (x86)\Windows Kits\10\Include\10.0.10240.0\ucrt\stdio.h(1193): note: 請參閱 'fscanf' 的宣告
objloader.cpp(153): warning C4996: 'fscanf': This function or variable may be unsafe. Consider using fscanf_s instead. To disable deprecation, use _CRT_SECURE_NO_WARNINGS. See online help for details.
  C:\Program Files (x86)\Windows Kits\10\Include\10.0.10240.0\ucrt\stdio.h(1193): note: 請參閱 'fscanf' 的宣告
objloader.cpp(157): warning C4996: 'fscanf': This function or variable may be unsafe. Consider using fscanf_s instead. To disable deprecation, use _CRT_SECURE_NO_WARNINGS. See online help for details.
  C:\Program Files (x86)\Windows Kits\10\Include\10.0.10240.0\ucrt\stdio.h(1193): note: 請參閱 'fscanf' 的宣告
objloader.cpp(161): warning C4996: 'fscanf': This function or variable may be unsafe. Consider using fscanf_s instead. To disable deprecation, use _CRT_SECURE_NO_WARNINGS. See online help for details.
  C:\Program Files (x86)\Windows Kits\10\Include\10.0.10240.0\ucrt\stdio.h(1193): note: 請參閱 'fscanf' 的宣告
objloader.cpp(164): warning C4477: 'fscanf' : 格式字串 '%s' 需要 'char *' 類型的引數，但 variadic 引數 1 的類型為 'std::string'
objloader.cpp(164): warning C4996: 'fscanf': This function or variable may be unsafe. Consider using fscanf_s instead. To disable deprecation, use _CRT_SECURE_NO_WARNINGS. See online help for details.
  C:\Program Files (x86)\Windows Kits\10\Include\10.0.10240.0\ucrt\stdio.h(1193): note: 請參閱 'fscanf' 的宣告
  targa.cpp
targa.cpp(110): warning C4996: 'fopen': This function or variable may be unsafe. Consider using fopen_s instead. To disable deprecation, use _CRT_SECURE_NO_WARNINGS. See online help for details.
  C:\Program Files (x86)\Windows Kits\10\Include\10.0.10240.0\ucrt\stdio.h(205): note: 請參閱 'fopen' 的宣告
SOIL.lib(SOIL.obj) : warning LNK4075: 忽略 '/EDITANDCONTINUE'，由於 '/OPT:ICF' 規格
LINK : warning LNK4098: 預設的程式庫 'MSVCRTD' 與其他使用的程式庫衝突，請使用 /NODEFAULTLIB:library
LINK : warning LNK4098: 預設的程式庫 'LIBCMT' 與其他使用的程式庫衝突，請使用 /NODEFAULTLIB:library
  正在產生程式碼
  All 616 functions were compiled because no usable IPDB/IOBJ from previous compilation was found.
  已完成程式碼產生
SOIL.lib(image_DXT.obj) : warning LNK4099: 找不到 PDB 'SOIL.pdb' (有 'SOIL.lib(image_DXT.obj)' 或位於 'C:\Users\Ally\Desktop\Robot-RX78\Robot\Release\SOIL.pdb')，當做沒有偵錯資訊，連結物件
SOIL.lib(image_helper.obj) : warning LNK4099: 找不到 PDB 'SOIL.pdb' (有 'SOIL.lib(image_helper.obj)' 或位於 'C:\Users\Ally\Desktop\Robot-RX78\Robot\Release\SOIL.pdb')，當做沒有偵錯資訊，連結物件
SOIL.lib(SOIL.obj) : warning LNK4099: 找不到 PDB 'SOIL.pdb' (有 'SOIL.lib(SOIL.obj)' 或位於 'C:\Users\Ally\Desktop\Robot-RX78\Robot\Release\SOIL.pdb')，當做沒有偵錯資訊，連結物件
SOIL.lib(stb_image_aug.obj) : warning LNK4099: 找不到 PDB 'SOIL.pdb' (有 'SOIL.lib(stb_image_aug.obj)' 或位於 'C:\Users\Ally\Desktop\Robot-RX78\Robot\Release\SOIL.pdb')，當做沒有偵錯資訊，連結物件
glew32s.lib(glew.obj) : warning LNK4099: 找不到 PDB 'glew_static.pdb' (有 'glew32s.lib(glew.obj)' 或位於 'C:\Users\Ally\Desktop\Robot-RX78\Robot\Release\glew_static.pdb')，當做沒有偵錯資訊，連結物件
  Robot.vcxproj -> C:\Users\Ally\Desktop\Robot-RX78\Robot\Release\Robot.exe
